<?xml version="1.0" encoding="UTF-8"?>
<!-- Generated by org.testng.reporters.JUnitReportReporter -->
<testsuite hostname="DESKTOP-OND3CLR" failures="0" tests="1" name="Test" time="0.014" errors="0" timestamp="22 Jan 2020 18:10:59 GMT">
  <testcase classname="Test" name="MongoServiceAutowired" time="0.014"/>
</testsuite> <!-- Test -->
